Using pre-set license
Built from '2021.1/release' branch; Version is '2021.1.0f1 (61a549675243) revision 6399305'; Using compiler version '192528614'; Build Type 'Release'
OS: 'Windows 10 Pro; OS build 19041.867; Version 2004; 64bit' Language: 'es' Physical Memory: 16254 MB
BatchMode: 1, IsHumanControllingUs: 0, StartBugReporterOnCrash: 0, Is64bit: 1, IsPro: 0

 COMMAND LINE ARGUMENTS:
C:\Program Files\Unity\Hub\Editor\2021.1.0f1\Editor\Unity.exe
-adb2
-batchMode
-noUpm
-name
AssetImportWorker0
-projectPath
D:/GitHub/Trapball-2/Trapball2
-logFile
Logs/AssetImportWorker0.log
-srvPort
62985
Successfully changed project path to: D:/GitHub/Trapball-2/Trapball2
D:/GitHub/Trapball-2/Trapball2
Using Asset Import Pipeline V2.
Refreshing native plugins compatible for Editor in 38.61 ms, found 0 plugins.
Preloading 0 native plugins for Editor in 0.00 ms.
Initialize engine version: 2021.1.0f1 (61a549675243)
[Subsystems] Discovering subsystems at path C:/Program Files/Unity/Hub/Editor/2021.1.0f1/Editor/Data/Resources/UnitySubsystems
[Subsystems] Discovering subsystems at path D:/GitHub/Trapball-2/Trapball2/Assets
GfxDevice: creating device client; threaded=0; jobified=0
Direct3D:
    Version:  Direct3D 11.0 [level 11.1]
    Renderer: NVIDIA GeForce GTX 1080 Ti (ID=0x1b06)
    Vendor:   NVIDIA
    VRAM:     11127 MB
    Driver:   27.21.14.5671
Shader 'Universal Render Pipeline/Particles/Lit': fallback shader 'Universal Render Pipeline/Particles/SimpleLit' not found
Initialize mono
Mono path[0] = 'C:/Program Files/Unity/Hub/Editor/2021.1.0f1/Editor/Data/Managed'
Mono path[1] = 'C:/Program Files/Unity/Hub/Editor/2021.1.0f1/Editor/Data/MonoBleedingEdge/lib/mono/unityjit'
Mono config path = 'C:/Program Files/Unity/Hub/Editor/2021.1.0f1/Editor/Data/MonoBleedingEdge/etc'
Using monoOptions --debugger-agent=transport=dt_socket,embedding=1,server=y,suspend=n,address=127.0.0.1:56624
Begin MonoManager ReloadAssembly
Registering precompiled unity dll's ...
Register platform support module: C:/Program Files/Unity/Hub/Editor/2021.1.0f1/Editor/Data/PlaybackEngines/WindowsStandaloneSupport/UnityEditor.WindowsStandalone.Extensions.dll
Registered in 0.001937 seconds.
Native extension for WindowsStandalone target not found
Refreshing native plugins compatible for Editor in 39.47 ms, found 0 plugins.
Preloading 0 native plugins for Editor in 0.00 ms.
Mono: successfully reloaded assembly
- Completed reload, in  1.762 seconds
Platform modules already initialized, skipping
Registering precompiled user dll's ...
Registered in 0.000670 seconds.
Begin MonoManager ReloadAssembly
Native extension for WindowsStandalone target not found
Refreshing native plugins compatible for Editor in 38.19 ms, found 0 plugins.
Preloading 0 native plugins for Editor in 0.00 ms.
Mono: successfully reloaded assembly
- Completed reload, in  0.915 seconds
Platform modules already initialized, skipping
========================================================================
Worker process is ready to serve import requests
Shader 'Universal Render Pipeline/Particles/Lit': fallback shader 'Universal Render Pipeline/Particles/SimpleLit' not found
Launched and connected shader compiler UnityShaderCompiler.exe after 0.04 seconds
Refreshing native plugins compatible for Editor in 0.41 ms, found 0 plugins.
Preloading 0 native plugins for Editor in 0.00 ms.
Unloading 2467 Unused Serialized files (Serialized files now loaded: 0)
System memory in use before: 116.2 MB.
System memory in use after: 116.4 MB.

Unloading 9 unused Assets to reduce memory usage. Loaded Objects now: 2930.
Total: 2.081500 ms (FindLiveObjects: 0.208600 ms CreateObjectMapping: 0.096500 ms MarkObjects: 1.719400 ms  DeleteObjects: 0.056100 ms)

========================================================================
Received Import Request.
  path: Assets/Props/Nivel1
  artifactKey: Guid(d5941da825364c44fadd04cb1a24df08) Importer(815301076,1909f56bfc062723c751e8b465ee728b)
Start importing Assets/Props/Nivel1 using Guid(d5941da825364c44fadd04cb1a24df08) Importer(815301076,1909f56bfc062723c751e8b465ee728b)  -> (artifact id: 'fa823fbb8e20cdc4ba7aee37019b3dae') in 0.008239 seconds 
========================================================================
Received Import Request.
  Time since last request: 0.000146 seconds.
  path: Assets/Props/Nivel1/Prefab
  artifactKey: Guid(b6da3b91a597e724086c61ec78e2e2fd) Importer(815301076,1909f56bfc062723c751e8b465ee728b)
Start importing Assets/Props/Nivel1/Prefab using Guid(b6da3b91a597e724086c61ec78e2e2fd) Importer(815301076,1909f56bfc062723c751e8b465ee728b)  -> (artifact id: 'd581f1803febba17a7b23f2834be335a') in 0.006475 seconds 
========================================================================
Received Import Request.
  Time since last request: 0.000212 seconds.
  path: Assets/Props/Nivel1/Prefab/Asset_Alpha.prefab
  artifactKey: Guid(edcde9a109900c1438df2495a66931b7) Importer(815301076,1909f56bfc062723c751e8b465ee728b)
Start importing Assets/Props/Nivel1/Prefab/Asset_Alpha.prefab using Guid(edcde9a109900c1438df2495a66931b7) Importer(815301076,1909f56bfc062723c751e8b465ee728b)  -> (artifact id: '477ec1e8fb4b6a719f5de0658f8d33a2') in 0.288248 seconds 
========================================================================
Received Import Request.
  Time since last request: 4.577591 seconds.
  path: Assets/Props/Nivel1/FBX_Base/Asset_Alpha.FBX
  artifactKey: Guid(f8854239be5fb37449648523c004be73) Importer(815301076,1909f56bfc062723c751e8b465ee728b)
Start importing Assets/Props/Nivel1/FBX_Base/Asset_Alpha.FBX using Guid(f8854239be5fb37449648523c004be73) Importer(815301076,1909f56bfc062723c751e8b465ee728b)  -> (artifact id: '037d86fd57f9c301868e3ece1961053a') in 0.200680 seconds 
========================================================================
Received Import Request.
  Time since last request: 9.044142 seconds.
  path: Assets/Props/Nivel1/Textures/Asset_Material _3_AlbedoTransparency.png
  artifactKey: Guid(4fe70825795a4264b9ee49a11b66ffd8) Importer(815301076,1909f56bfc062723c751e8b465ee728b)
Start importing Assets/Props/Nivel1/Textures/Asset_Material _3_AlbedoTransparency.png using Guid(4fe70825795a4264b9ee49a11b66ffd8) Importer(815301076,1909f56bfc062723c751e8b465ee728b)  -> (artifact id: '6398f5eb1460a8f4045950e75f9c9fda') in 0.037799 seconds 
========================================================================
Received Import Request.
  Time since last request: 0.000202 seconds.
  path: Assets/Props/Nivel1/Textures/Asset_Material _3_SpecularSmoothness.png
  artifactKey: Guid(3741520dd289feb4b8830f878bea7c94) Importer(815301076,1909f56bfc062723c751e8b465ee728b)
Start importing Assets/Props/Nivel1/Textures/Asset_Material _3_SpecularSmoothness.png using Guid(3741520dd289feb4b8830f878bea7c94) Importer(815301076,1909f56bfc062723c751e8b465ee728b)  -> (artifact id: 'c2010b81561546a9b9f066fded62ebaf') in 0.036208 seconds 
========================================================================
Received Import Request.
  Time since last request: 0.000263 seconds.
  path: Assets/Props/Nivel1/Textures/Asset_Material _3_Normal.png
  artifactKey: Guid(7141a2d17a1cff54ebd1e62ede2da161) Importer(815301076,1909f56bfc062723c751e8b465ee728b)
Start importing Assets/Props/Nivel1/Textures/Asset_Material _3_Normal.png using Guid(7141a2d17a1cff54ebd1e62ede2da161) Importer(815301076,1909f56bfc062723c751e8b465ee728b)  -> (artifact id: '7c0d1fb957794399ab512aa05060ae34') in 0.028544 seconds 
========================================================================
Received Import Request.
  Time since last request: 11.946420 seconds.
  path: Assets/Props/Nivel1/Materials/Props_Nivel_1.mat
  artifactKey: Guid(7c899f45dd4f3a649963ceefbe1296c0) Importer(815301076,1909f56bfc062723c751e8b465ee728b)
Start importing Assets/Props/Nivel1/Materials/Props_Nivel_1.mat using Guid(7c899f45dd4f3a649963ceefbe1296c0) Importer(815301076,1909f56bfc062723c751e8b465ee728b)  -> (artifact id: 'a4bc183476b85dace004ef2581a7869a') in 0.070248 seconds 
========================================================================
Received Import Request.
  Time since last request: 351.582802 seconds.
  path: Assets/Props/Nivel1/Prefab/Asset_Alpha.prefab
  artifactKey: Guid(edcde9a109900c1438df2495a66931b7) Importer(815301076,1909f56bfc062723c751e8b465ee728b)
Start importing Assets/Props/Nivel1/Prefab/Asset_Alpha.prefab using Guid(edcde9a109900c1438df2495a66931b7) Importer(815301076,1909f56bfc062723c751e8b465ee728b)  -> (artifact id: '71e4b86b5b60679bf0f771f7da0e5d2e') in 0.076503 seconds 
========================================================================
Received Import Request.
  Time since last request: 17.089761 seconds.
  path: Assets/Props/Nivel1/Prefab/Asset_Alpha.prefab
  artifactKey: Guid(edcde9a109900c1438df2495a66931b7) Importer(815301076,1909f56bfc062723c751e8b465ee728b)
Start importing Assets/Props/Nivel1/Prefab/Asset_Alpha.prefab using Guid(edcde9a109900c1438df2495a66931b7) Importer(815301076,1909f56bfc062723c751e8b465ee728b)  -> (artifact id: 'ed0158d2c5c3f3a35f59164a307a5ff6') in 0.043212 seconds 
========================================================================
Received Import Request.
  Time since last request: 1.970203 seconds.
  path: Assets/Props/Nivel1/Prefab/Asset_Alpha.prefab
  artifactKey: Guid(edcde9a109900c1438df2495a66931b7) Importer(815301076,1909f56bfc062723c751e8b465ee728b)
Start importing Assets/Props/Nivel1/Prefab/Asset_Alpha.prefab using Guid(edcde9a109900c1438df2495a66931b7) Importer(815301076,1909f56bfc062723c751e8b465ee728b)  -> (artifact id: '6b0858a34bd2ecc49beae42110037228') in 0.047521 seconds 
========================================================================
Received Import Request.
  Time since last request: 3.980121 seconds.
  path: Assets/Props/Nivel1/Prefab/Asset_Alpha.prefab
  artifactKey: Guid(edcde9a109900c1438df2495a66931b7) Importer(815301076,1909f56bfc062723c751e8b465ee728b)
Start importing Assets/Props/Nivel1/Prefab/Asset_Alpha.prefab using Guid(edcde9a109900c1438df2495a66931b7) Importer(815301076,1909f56bfc062723c751e8b465ee728b)  -> (artifact id: '70edbc8f41f61a805deb7913f8437ca4') in 0.052425 seconds 
AssetImportWorkerClient::OnTransportError - code=2 error=End of file
