[LOG] System::create                           : Header version = 2.02.25. Current version = 2.02.25.
[LOG] Manager::init                            : maxchannels = 256 studioflags = 00000006 flags 00000000 extradriverdata 0000000000000000.
[LOG] SystemI::init                            : Initialize version=20225 (147536), maxchannels=256, flags=0x00020000
[LOG] SystemI::setOutputInternal               : Setting output to 'FMOD WASAPI Output'
[LOG] OutputWASAPI::init                       : Mix Format (WAVEFORMATEX): wFormatTag=0xFFFE, nChannels=2, nSamplesPerSec=48000, nAvgBytesPerSec=384000, nBlockAlign=8, wBitsPerSample=32, cbSize=22.
[LOG] OutputWASAPI::init                       : Mix Format (WAVEFORMATEXTENSIBLE): wValidBitsPerSample=32, dwChannelMask=0x00000003, SubFormat=00000003-0000-0010-8000-00AA00389B71.
[LOG] OutputWASAPI::init                       : Output buffer size: 4096 samples, latency: 0.00ms, period: 10.00ms, DSP buffer: 1024 * 4
[LOG] Thread::initThread                       : Init FMOD stream thread. Affinity: 0x4000000000000003, Priority: 0xFFFF7FFB, Stack Size: 98304, Semaphore: No, Sleep Time: 10, Looping: Yes.
[LOG] Thread::initThread                       : Init FMOD mixer thread. Affinity: 0x4000000000000001, Priority: 0xFFFF7FFA, Stack Size: 81920, Semaphore: No, Sleep Time: 0, Looping: Yes.
[LOG] AsyncManager::init                       : manager 000001838C235FC8 isAsync 0 updatePeriod 0.02
[LOG] AsyncManager::init                       : done
[LOG] PlaybackSystem::init                     : 
[LOG] Thread::initThread                       : Init FMOD Studio sample load thread. Affinity: 0x4000000000000003, Priority: 0xFFFF7FFD, Stack Size: 98304, Semaphore: No, Sleep Time: 1, Looping: No.
[LOG] PlaybackSystem::init                     : done
[LOG] Thread::initThread                       : Init FMOD Studio bank load thread. Affinity: 0x4000000000000003, Priority: 0xFFFF7FFD, Stack Size: 98304, Semaphore: No, Sleep Time: 1, Looping: No.
[LOG] Manager::init                            : done.
[LOG] Manager::readBank                        : fileversion = 142, compatVersion = 140 (oldest = 44, newest = 142)
[LOG] Manager::readBank                        : fileversion = 142, compatVersion = 140 (oldest = 44, newest = 142)
[LOG] Manager::readBank                        : fileversion = 142, compatVersion = 140 (oldest = 44, newest = 142)
[LOG] PlaybackSystem::acquireMasterBus         : Setting master channel group format to 6
[LOG] Manager::readBank                        : fileversion = 142, compatVersion = 140 (oldest = 44, newest = 142)
[LOG] Manager::readBank                        : fileversion = 142, compatVersion = 140 (oldest = 44, newest = 142)
[LOG] Manager::readBank                        : fileversion = 142, compatVersion = 140 (oldest = 44, newest = 142)
[LOG] Manager::readBank                        : fileversion = 142, compatVersion = 140 (oldest = 44, newest = 142)
[LOG] Manager::readBank                        : fileversion = 142, compatVersion = 140 (oldest = 44, newest = 142)
[LOG] PlaybackSystem::acquireMasterBus         : Setting master channel group format to 6
[LOG] Manager::readBank                        : fileversion = 142, compatVersion = 140 (oldest = 44, newest = 142)
[LOG] Manager::readBank                        : fileversion = 142, compatVersion = 140 (oldest = 44, newest = 142)
[LOG] Manager::readBank                        : fileversion = 142, compatVersion = 140 (oldest = 44, newest = 142)
[LOG] Manager::readBank                        : fileversion = 142, compatVersion = 140 (oldest = 44, newest = 142)
[LOG] Manager::readBank                        : fileversion = 142, compatVersion = 140 (oldest = 44, newest = 142)
[LOG] SystemI::createSound                     : filename = ../../FMOD/Xavi/FMOD/Build/Desktop/Musica.bank : mode 02010082
[LOG] SystemI::createSound                     : FMOD_NONBLOCKING specified.  Putting into queue to be opened asynchronously!
[LOG] Thread::initThread                       : Init FMOD nonblocking thread (0). Affinity: 0x4000000000000003, Priority: 0xFFFF7FFC, Stack Size: 114688, Semaphore: Yes, Sleep Time: 0, Looping: Yes.
[LOG] AsyncThread::add                         : add sound to async queue : soundi = 000001838C4A5C68, queue head = 0000018390BB3348, queue count = 0
[LOG] AsyncThread::threadFunc                  : Starting Asynchronous operation on sound 000001838C4A5C68
[LOG] SystemI::createSoundInternal             :     Create name='../../FMOD/Xavi/FMOD/Build/Desktop/Musica.bank', mode=0x02010082
[LOG] SystemI::createSound                     :     filename = ../../FMOD/Xavi/FMOD/Build/Desktop/Musica.bank : mode 02010082
[LOG] SystemI::createSoundInternal             :     exinfo->cbsize             = 224
[LOG] SystemI::createSound                     :     FMOD_NONBLOCKING specified.  Putting into queue to be opened asynchronously!
[LOG] SystemI::createSoundInternal             :     exinfo->length             = 15892480
[LOG] AsyncThread::add                         :     add sound to async queue : soundi = 000001838C4A6328, queue head = 0000018390BB3348, queue count = 0
[LOG] SystemI::createSoundInternal             :     exinfo->fileoffset         = 30240
[LOG] SystemI::createSoundInternal             :     exinfo->numsubsounds       = 1
[LOG] SystemI::createSoundInternal             :     exinfo->inclusionlist      = 000001831CAB6530
[LOG] SystemI::createSoundInternal             :     exinfo->inclusionlistnum   = 1
[LOG] SystemI::createSound                     :     filename = ../../FMOD/Xavi/FMOD/Build/Desktop/Musica.bank : mode 02010082
[LOG] SystemI::createSoundInternal             :     exinfo->suggestedsoundtype = 5
[LOG] SystemI::createSound                     :     FMOD_NONBLOCKING specified.  Putting into queue to be opened asynchronously!
[LOG] SystemI::createSoundInternal             :     exinfo->initialseekpostype = 1
[LOG] AsyncThread::add                         :     add sound to async queue : soundi = 000001838C4A3C58, queue head = 0000018390BB3348, queue count = 1
[LOG] SystemI::createSound                     :     filename = ../../FMOD/Xavi/FMOD/Build/Desktop/Musica.bank : mode 02010082
[LOG] SystemI::createSound                     :     FMOD_NONBLOCKING specified.  Putting into queue to be opened asynchronously!
[LOG] AsyncThread::add                         :     add sound to async queue : soundi = 000001838C4A6B98, queue head = 0000018390BB3348, queue count = 2
[LOG] SystemI::createSoundInternal             :     Stream 0/1: name='TrapBallAdventure_Oracle_vibraphones', format=5, channels=2, frequency=48000, lengthbytes=622592, lengthpcm=2658220, pcmblocksize=0, loopstart=0, loopend=0, mode=0x00000000, channelmask=0x00000000, channelorder=0, peakvolume=0.253601.
[LOG] Thread::initThread                       :     Init FMOD file thread. Affinity: 0x4000000000000003, Priority: 0xFFFF7FFC, Stack Size: 65536, Semaphore: No, Sleep Time: 10, Looping: Yes.
[LOG] AsyncThread::threadFunc                  : Finished Asynchronous operation on sound 000001838C4A5C68
[LOG] AsyncThread::threadFunc                  : Starting Asynchronous operation on sound 000001838C4A6328
[LOG] SystemI::createSoundInternal             :     Create name='../../FMOD/Xavi/FMOD/Build/Desktop/Musica.bank', mode=0x02010082
[LOG] SystemI::createSoundInternal             :     exinfo->cbsize             = 224
[LOG] SystemI::createSoundInternal             :     exinfo->length             = 15892480
[LOG] SystemI::createSoundInternal             :     exinfo->fileoffset         = 30240
[LOG] SystemI::createSoundInternal             :     exinfo->numsubsounds       = 1
[LOG] SystemI::createSoundInternal             :     exinfo->inclusionlist      = 000001831CAB6F30
[LOG] SystemI::createSoundInternal             :     exinfo->inclusionlistnum   = 1
[LOG] SystemI::createSoundInternal             :     exinfo->suggestedsoundtype = 5
[LOG] SystemI::createSoundInternal             :     exinfo->initialseekpostype = 1
[LOG] SystemI::createSoundInternal             :     Stream 0/1: name='TrapBallAdventure_Oracle_Harps', format=5, channels=2, frequency=48000, lengthbytes=680544, lengthpcm=2658220, pcmblocksize=0, loopstart=0, loopend=0, mode=0x00000000, channelmask=0x00000000, channelorder=0, peakvolume=0.133850.
[LOG] AsyncThread::threadFunc                  : Finished Asynchronous operation on sound 000001838C4A6328
[LOG] AsyncThread::threadFunc                  : Starting Asynchronous operation on sound 000001838C4A3C58
[LOG] SystemI::createSoundInternal             :     Create name='../../FMOD/Xavi/FMOD/Build/Desktop/Musica.bank', mode=0x02010082
[LOG] SystemI::createSoundInternal             :     exinfo->cbsize             = 224
[LOG] SystemI::createSoundInternal             :     exinfo->length             = 15892480
[LOG] SystemI::createSoundInternal             :     exinfo->fileoffset         = 30240
[LOG] SystemI::createSoundInternal             :     exinfo->numsubsounds       = 1
[LOG] SystemI::createSoundInternal             :     exinfo->inclusionlist      = 000001831CAB68F0
[LOG] SystemI::createSoundInternal             :     exinfo->inclusionlistnum   = 1
[LOG] SystemI::createSoundInternal             :     exinfo->suggestedsoundtype = 5
[LOG] SystemI::createSoundInternal             :     exinfo->initialseekpostype = 1
[LOG] SystemI::createSoundInternal             :     Stream 0/1: name='TrapBallAdventure_Oracle_glocken', format=5, channels=2, frequency=48000, lengthbytes=177600, lengthpcm=2658220, pcmblocksize=0, loopstart=0, loopend=0, mode=0x00000000, channelmask=0x00000000, channelorder=0, peakvolume=0.133057.
[LOG] AsyncThread::threadFunc                  : Finished Asynchronous operation on sound 000001838C4A3C58
[LOG] AsyncThread::threadFunc                  : Starting Asynchronous operation on sound 000001838C4A6B98
[LOG] SystemI::createSoundInternal             :     Create name='../../FMOD/Xavi/FMOD/Build/Desktop/Musica.bank', mode=0x02010082
[LOG] SystemI::createSoundInternal             :     exinfo->cbsize             = 224
[LOG] SystemI::createSoundInternal             :     exinfo->length             = 15892480
[LOG] SystemI::createSoundInternal             :     exinfo->fileoffset         = 30240
[LOG] SystemI::createSoundInternal             :     exinfo->numsubsounds       = 1
[LOG] SystemI::createSoundInternal             :     exinfo->inclusionlist      = 000001831CAB6DF0
[LOG] SystemI::createSoundInternal             :     exinfo->inclusionlistnum   = 1
[LOG] SystemI::createSoundInternal             :     exinfo->suggestedsoundtype = 5
[LOG] SystemI::createSoundInternal             :     exinfo->initialseekpostype = 1
[LOG] SystemI::createSoundInternal             :     Stream 0/1: name='TrapBallAdventure_Oracle_Choirs', format=5, channels=2, frequency=48000, lengthbytes=641536, lengthpcm=2658220, pcmblocksize=0, loopstart=0, loopend=0, mode=0x00000000, channelmask=0x00000000, channelorder=0, peakvolume=0.417908.
[LOG] AsyncThread::threadFunc                  : Finished Asynchronous operation on sound 000001838C4A6B98
[LOG] AsyncThread::add                         : add sound to async queue : soundi = 000001838C4A6838, queue head = 0000018390BB3348, queue count = 0
[LOG] AsyncThread::threadFunc                  : Starting Asynchronous operation on sound 000001838C4A6838
[LOG] AsyncThread::add                         : add sound to async queue : soundi = 000001838C4A5098, queue head = 0000018390BB3348, queue count = 0
[LOG] AsyncThread::add                         :     add sound to async queue : soundi = 000001838C4A3E08, queue head = 0000018390BB3348, queue count = 1
[LOG] AsyncThread::threadFunc                  : Finished Asynchronous operation on sound 000001838C4A6838
[LOG] AsyncThread::threadFunc                  : Starting Asynchronous operation on sound 000001838C4A5098
[LOG] AsyncThread::threadFunc                  : Finished Asynchronous operation on sound 000001838C4A5098
[LOG] AsyncThread::threadFunc                  : Starting Asynchronous operation on sound 000001838C4A3E08
[LOG] AsyncThread::threadFunc                  : Finished Asynchronous operation on sound 000001838C4A3E08
[LOG] AsyncThread::add                         : add sound to async queue : soundi = 000001838C4A64D8, queue head = 0000018390BB3348, queue count = 0
[LOG] AsyncThread::threadFunc                  : Starting Asynchronous operation on sound 000001838C4A64D8
[LOG] AsyncThread::add                         : add sound to async queue : soundi = 000001838C4A6838, queue head = 0000018390BB3348, queue count = 0
[LOG] AsyncThread::add                         :     add sound to async queue : soundi = 000001838C4A5098, queue head = 0000018390BB3348, queue count = 1
[LOG] AsyncThread::add                         :     add sound to async queue : soundi = 000001838C4A3E08, queue head = 0000018390BB3348, queue count = 2
[LOG] AsyncThread::threadFunc                  : Finished Asynchronous operation on sound 000001838C4A64D8
[LOG] AsyncThread::threadFunc                  : Starting Asynchronous operation on sound 000001838C4A6838
[LOG] AsyncThread::threadFunc                  : Finished Asynchronous operation on sound 000001838C4A6838
[LOG] AsyncThread::threadFunc                  : Starting Asynchronous operation on sound 000001838C4A5098
[LOG] AsyncThread::threadFunc                  : Finished Asynchronous operation on sound 000001838C4A5098
[LOG] AsyncThread::threadFunc                  : Starting Asynchronous operation on sound 000001838C4A3E08
[LOG] AsyncThread::threadFunc                  : Finished Asynchronous operation on sound 000001838C4A3E08
[LOG] SoundI::release                          : TrapBallAdventure_Oracle_Choirs (000001838C4A6B98)
[LOG] SoundI::release                          :     TrapBallAdventure_Oracle_Choirs (0000018390383E58)
[LOG] SoundI::release                          :     TrapBallAdventure_Oracle_Choirs (000001838C4A64D8)
[LOG] SoundI::release                          : TrapBallAdventure_Oracle_glocken (000001838C4A3C58)
[LOG] SoundI::release                          :     TrapBallAdventure_Oracle_glocken (0000018390382458)
[LOG] SoundI::release                          :     TrapBallAdventure_Oracle_glocken (000001838C4A3E08)
[LOG] SoundI::release                          : TrapBallAdventure_Oracle_Harps (000001838C4A6328)
[LOG] SoundI::release                          :     TrapBallAdventure_Oracle_Harps (0000018390382938)
[LOG] SoundI::release                          :     TrapBallAdventure_Oracle_Harps (000001838C4A5098)
[LOG] SoundI::release                          : TrapBallAdventure_Oracle_vibraphones (000001838C4A5C68)
[LOG] SoundI::release                          :     TrapBallAdventure_Oracle_vibraphones (0000018390385038)
[LOG] SoundI::release                          :     TrapBallAdventure_Oracle_vibraphones (000001838C4A6838)
[LOG] SystemI::createSound                     : filename = ../../FMOD/Xavi/FMOD/Build/Desktop/Musica.bank : mode 02010082
[LOG] SystemI::createSound                     : FMOD_NONBLOCKING specified.  Putting into queue to be opened asynchronously!
[LOG] AsyncThread::add                         : add sound to async queue : soundi = 000001838C4A3238, queue head = 0000018390BB3348, queue count = 0
[LOG] AsyncThread::threadFunc                  : Starting Asynchronous operation on sound 000001838C4A3238
[LOG] SystemI::createSoundInternal             :     Create name='../../FMOD/Xavi/FMOD/Build/Desktop/Musica.bank', mode=0x02010082
[LOG] SystemI::createSound                     :     filename = ../../FMOD/Xavi/FMOD/Build/Desktop/Musica.bank : mode 02010082
[LOG] SystemI::createSoundInternal             :     exinfo->cbsize             = 224
[LOG] SystemI::createSoundInternal             :     exinfo->length             = 15892480
[LOG] SystemI::createSound                     :     FMOD_NONBLOCKING specified.  Putting into queue to be opened asynchronously!
[LOG] SystemI::createSoundInternal             :     exinfo->fileoffset         = 30240
[LOG] AsyncThread::add                         :     add sound to async queue : soundi = 000001838C4A4D38, queue head = 0000018390BB3348, queue count = 0
[LOG] SystemI::createSoundInternal             :     exinfo->numsubsounds       = 1
[LOG] SystemI::createSoundInternal             :     exinfo->inclusionlist      = 000001831CBD3110
[LOG] SystemI::createSoundInternal             :     exinfo->inclusionlistnum   = 1
[LOG] SystemI::createSoundInternal             :     exinfo->suggestedsoundtype = 5
[LOG] SystemI::createSoundInternal             :     exinfo->initialseekpostype = 1
[LOG] SystemI::createSoundInternal             :     Stream 0/1: name='TrapBallAdventure_Oracle_vibraphones', format=5, channels=2, frequency=48000, lengthbytes=622592, lengthpcm=2658220, pcmblocksize=0, loopstart=0, loopend=0, mode=0x00000000, channelmask=0x00000000, channelorder=0, peakvolume=0.253601.
[LOG] AsyncThread::threadFunc                  : Finished Asynchronous operation on sound 000001838C4A3238
[LOG] AsyncThread::threadFunc                  : Starting Asynchronous operation on sound 000001838C4A4D38
[LOG] SystemI::createSoundInternal             :     Create name='../../FMOD/Xavi/FMOD/Build/Desktop/Musica.bank', mode=0x02010082
[LOG] SystemI::createSoundInternal             :     exinfo->cbsize             = 224
[LOG] SystemI::createSoundInternal             :     exinfo->length             = 15892480
[LOG] SystemI::createSoundInternal             :     exinfo->fileoffset         = 30240
[LOG] SystemI::createSoundInternal             :     exinfo->numsubsounds       = 1
[LOG] SystemI::createSoundInternal             :     exinfo->inclusionlist      = 000001831CBD2FD0
[LOG] SystemI::createSoundInternal             :     exinfo->inclusionlistnum   = 1
[LOG] SystemI::createSoundInternal             :     exinfo->suggestedsoundtype = 5
[LOG] SystemI::createSoundInternal             :     exinfo->initialseekpostype = 1
[LOG] SystemI::createSoundInternal             :     Stream 0/1: name='TrapBallAdventure_Oracle_Choirs', format=5, channels=2, frequency=48000, lengthbytes=641536, lengthpcm=2658220, pcmblocksize=0, loopstart=0, loopend=0, mode=0x00000000, channelmask=0x00000000, channelorder=0, peakvolume=0.417908.
[LOG] AsyncThread::threadFunc                  : Finished Asynchronous operation on sound 000001838C4A4D38
[LOG] AsyncThread::add                         : add sound to async queue : soundi = 000001838C4A6838, queue head = 0000018390BB3348, queue count = 0
[LOG] AsyncThread::threadFunc                  : Starting Asynchronous operation on sound 000001838C4A6838
[LOG] AsyncThread::threadFunc                  : Finished Asynchronous operation on sound 000001838C4A6838
[LOG] SystemI::createSound                     : filename = ../../FMOD/Xavi/FMOD/Build/Desktop/Musica.bank : mode 02010082
[LOG] SystemI::createSound                     : FMOD_NONBLOCKING specified.  Putting into queue to be opened asynchronously!
[LOG] AsyncThread::add                         : add sound to async queue : soundi = 000001838C4A33E8, queue head = 0000018390BB3348, queue count = 0
[LOG] AsyncThread::threadFunc                  : Starting Asynchronous operation on sound 000001838C4A33E8
[LOG] SystemI::createSoundInternal             :     Create name='../../FMOD/Xavi/FMOD/Build/Desktop/Musica.bank', mode=0x02010082
[LOG] SystemI::createSound                     :     filename = ../../FMOD/Xavi/FMOD/Build/Desktop/Musica.bank : mode 02010082
[LOG] SystemI::createSoundInternal             :     exinfo->cbsize             = 224
[LOG] SystemI::createSound                     :     FMOD_NONBLOCKING specified.  Putting into queue to be opened asynchronously!
[LOG] SystemI::createSoundInternal             :     exinfo->length             = 15892480
[LOG] AsyncThread::add                         :     add sound to async queue : soundi = 000001838C4A53F8, queue head = 0000018390BB3348, queue count = 0
[LOG] SystemI::createSoundInternal             :     exinfo->fileoffset         = 30240
[LOG] SystemI::createSoundInternal             :     exinfo->numsubsounds       = 1
[LOG] SystemI::createSoundInternal             :     exinfo->inclusionlist      = 0000018368948070
[LOG] SystemI::createSoundInternal             :     exinfo->inclusionlistnum   = 1
[LOG] SystemI::createSoundInternal             :     exinfo->suggestedsoundtype = 5
[LOG] SystemI::createSoundInternal             :     exinfo->initialseekposition = 24935
[LOG] SystemI::createSoundInternal             :     exinfo->initialseekpostype = 1
[LOG] SystemI::createSoundInternal             :     Stream 0/1: name='TrapBallAdventure_Oracle_vibraphones', format=5, channels=2, frequency=48000, lengthbytes=622592, lengthpcm=2658220, pcmblocksize=0, loopstart=0, loopend=0, mode=0x00000000, channelmask=0x00000000, channelorder=0, peakvolume=0.253601.
[LOG] AsyncThread::threadFunc                  : Finished Asynchronous operation on sound 000001838C4A33E8
[LOG] AsyncThread::threadFunc                  : Starting Asynchronous operation on sound 000001838C4A53F8
[LOG] SystemI::createSoundInternal             :     Create name='../../FMOD/Xavi/FMOD/Build/Desktop/Musica.bank', mode=0x02010082
[LOG] SystemI::createSoundInternal             :     exinfo->cbsize             = 224
[LOG] SystemI::createSoundInternal             :     exinfo->length             = 15892480
[LOG] SystemI::createSoundInternal             :     exinfo->fileoffset         = 30240
[LOG] SystemI::createSoundInternal             :     exinfo->numsubsounds       = 1
[LOG] SystemI::createSoundInternal             :     exinfo->inclusionlist      = 0000018368948570
[LOG] SystemI::createSoundInternal             :     exinfo->inclusionlistnum   = 1
[LOG] SystemI::createSoundInternal             :     exinfo->suggestedsoundtype = 5
[LOG] SystemI::createSoundInternal             :     exinfo->initialseekposition = 24935
[LOG] SystemI::createSoundInternal             :     exinfo->initialseekpostype = 1
[LOG] SystemI::createSoundInternal             :     Stream 0/1: name='TrapBallAdventure_Oracle_Choirs', format=5, channels=2, frequency=48000, lengthbytes=641536, lengthpcm=2658220, pcmblocksize=0, loopstart=0, loopend=0, mode=0x00000000, channelmask=0x00000000, channelorder=0, peakvolume=0.417908.
[LOG] AsyncThread::threadFunc                  : Finished Asynchronous operation on sound 000001838C4A53F8
[LOG] SoundI::release                          : TrapBallAdventure_Oracle_Choirs (000001838C4A4D38)
[LOG] SoundI::release                          :     TrapBallAdventure_Oracle_Choirs (00000183903825F8)
[LOG] SoundI::release                          :     TrapBallAdventure_Oracle_Choirs (000001838C4A3748)
[LOG] SoundI::release                          : TrapBallAdventure_Oracle_vibraphones (000001838C4A3238)
[LOG] SoundI::release                          :     TrapBallAdventure_Oracle_vibraphones (0000018390385038)
[LOG] SoundI::release                          :     TrapBallAdventure_Oracle_vibraphones (000001838C4A6838)
[LOG] AsyncThread::add                         : add sound to async queue : soundi = 000001838C4A5AB8, queue head = 0000018390BB3348, queue count = 0
[LOG] AsyncThread::threadFunc                  : Starting Asynchronous operation on sound 000001838C4A5AB8
[LOG] AsyncThread::add                         : add sound to async queue : soundi = 000001838C4A38F8, queue head = 0000018390BB3348, queue count = 0
[LOG] AsyncThread::threadFunc                  : Finished Asynchronous operation on sound 000001838C4A5AB8
[LOG] AsyncThread::threadFunc                  : Starting Asynchronous operation on sound 000001838C4A38F8
[LOG] AsyncThread::threadFunc                  : Finished Asynchronous operation on sound 000001838C4A38F8
[LOG] SoundI::release                          : TrapBallAdventure_Oracle_Choirs (000001838C4A53F8)
[LOG] SoundI::release                          :     TrapBallAdventure_Oracle_Choirs (0000018390382FB8)
[LOG] SoundI::release                          :     TrapBallAdventure_Oracle_Choirs (000001838C4A5AB8)
[LOG] SoundI::release                          : TrapBallAdventure_Oracle_vibraphones (000001838C4A33E8)
[LOG] SoundI::release                          :     TrapBallAdventure_Oracle_vibraphones (0000018390382458)
[LOG] SoundI::release                          :     TrapBallAdventure_Oracle_vibraphones (000001838C4A38F8)
[LOG] SystemI::createSound                     : filename = ../../FMOD/Xavi/FMOD/Build/Desktop/Musica.bank : mode 02010082
[LOG] SystemI::createSound                     : FMOD_NONBLOCKING specified.  Putting into queue to be opened asynchronously!
[LOG] AsyncThread::add                         : add sound to async queue : soundi = 000001838C4A6838, queue head = 0000018390BB3348, queue count = 0
[LOG] AsyncThread::threadFunc                  : Starting Asynchronous operation on sound 000001838C4A6838
[LOG] SystemI::createSoundInternal             :     Create name='../../FMOD/Xavi/FMOD/Build/Desktop/Musica.bank', mode=0x02010082
[LOG] SystemI::createSound                     : filename = ../../FMOD/Xavi/FMOD/Build/Desktop/Musica.bank : mode 02010082
[LOG] SystemI::createSoundInternal             :     exinfo->cbsize             = 224
[LOG] SystemI::createSound                     :     FMOD_NONBLOCKING specified.  Putting into queue to be opened asynchronously!
[LOG] SystemI::createSoundInternal             :     exinfo->length             = 15892480
[LOG] AsyncThread::add                         :     add sound to async queue : soundi = 000001838C4A6328, queue head = 0000018390BB3348, queue count = 0
[LOG] SystemI::createSoundInternal             :     exinfo->fileoffset         = 30240
[LOG] SystemI::createSoundInternal             :     exinfo->numsubsounds       = 1
[LOG] SystemI::createSoundInternal             :     exinfo->inclusionlist      = 000001838B9A0490
[LOG] SystemI::createSoundInternal             :     exinfo->inclusionlistnum   = 1
[LOG] SystemI::createSoundInternal             :     exinfo->suggestedsoundtype = 5
[LOG] SystemI::createSoundInternal             :     exinfo->initialseekpostype = 1
[LOG] SystemI::createSoundInternal             :     Stream 0/1: name='TrapBallAdventure_Oracle_glocken', format=5, channels=2, frequency=48000, lengthbytes=177600, lengthpcm=2658220, pcmblocksize=0, loopstart=0, loopend=0, mode=0x00000000, channelmask=0x00000000, channelorder=0, peakvolume=0.133057.
[LOG] AsyncThread::threadFunc                  : Finished Asynchronous operation on sound 000001838C4A6838
[LOG] AsyncThread::threadFunc                  : Starting Asynchronous operation on sound 000001838C4A6328
[LOG] SystemI::createSoundInternal             :     Create name='../../FMOD/Xavi/FMOD/Build/Desktop/Musica.bank', mode=0x02010082
[LOG] SystemI::createSoundInternal             :     exinfo->cbsize             = 224
[LOG] SystemI::createSoundInternal             :     exinfo->length             = 15892480
[LOG] SystemI::createSoundInternal             :     exinfo->fileoffset         = 30240
[LOG] SystemI::createSoundInternal             :     exinfo->numsubsounds       = 1
[LOG] SystemI::createSoundInternal             :     exinfo->inclusionlist      = 000001838B9A05D0
[LOG] SystemI::createSoundInternal             :     exinfo->inclusionlistnum   = 1
[LOG] SystemI::createSoundInternal             :     exinfo->suggestedsoundtype = 5
[LOG] SystemI::createSoundInternal             :     exinfo->initialseekpostype = 1
[LOG] SystemI::createSoundInternal             :     Stream 0/1: name='TrapBallAdventure_Oracle_Choirs', format=5, channels=2, frequency=48000, lengthbytes=641536, lengthpcm=2658220, pcmblocksize=0, loopstart=0, loopend=0, mode=0x00000000, channelmask=0x00000000, channelorder=0, peakvolume=0.417908.
[LOG] AsyncThread::threadFunc                  : Finished Asynchronous operation on sound 000001838C4A6328
[LOG] AsyncThread::add                         : add sound to async queue : soundi = 000001838C4A5AB8, queue head = 0000018390BB3348, queue count = 0
[LOG] AsyncThread::threadFunc                  : Starting Asynchronous operation on sound 000001838C4A5AB8
[LOG] AsyncThread::threadFunc                  : Finished Asynchronous operation on sound 000001838C4A5AB8
[LOG] SoundI::release                          : TrapBallAdventure_Oracle_Choirs (000001838C4A6328)
[LOG] SoundI::release                          :     TrapBallAdventure_Oracle_Choirs (0000018390383CB8)
[LOG] SoundI::release                          :     TrapBallAdventure_Oracle_Choirs (000001838C4A4B88)
[LOG] SoundI::release                          : TrapBallAdventure_Oracle_glocken (000001838C4A6838)
[LOG] SoundI::release                          :     TrapBallAdventure_Oracle_glocken (0000018390382798)
[LOG] SoundI::release                          :     TrapBallAdventure_Oracle_glocken (000001838C4A5AB8)
[LOG] SystemI::createSound                     : filename = ../../FMOD/Xavi/FMOD/Build/Desktop/Musica.bank : mode 02010082
[LOG] SystemI::createSound                     : FMOD_NONBLOCKING specified.  Putting into queue to be opened asynchronously!
[LOG] AsyncThread::add                         : add sound to async queue : soundi = 000001838C4A33E8, queue head = 0000018390BB3348, queue count = 0
[LOG] AsyncThread::threadFunc                  : Starting Asynchronous operation on sound 000001838C4A33E8
[LOG] SystemI::createSoundInternal             :     Create name='../../FMOD/Xavi/FMOD/Build/Desktop/Musica.bank', mode=0x02010082
[LOG] SystemI::createSoundInternal             :     exinfo->cbsize             = 224
[LOG] SystemI::createSoundInternal             :     exinfo->length             = 15892480
[LOG] SystemI::createSoundInternal             :     exinfo->fileoffset         = 30240
[LOG] SystemI::createSoundInternal             :     exinfo->numsubsounds       = 1
[LOG] SystemI::createSoundInternal             :     exinfo->inclusionlist      = 000001838B9A05D0
[LOG] SystemI::createSoundInternal             :     exinfo->inclusionlistnum   = 1
[LOG] SystemI::createSoundInternal             :     exinfo->suggestedsoundtype = 5
[LOG] SystemI::createSoundInternal             :     exinfo->initialseekpostype = 1
[LOG] SystemI::createSoundInternal             :     Stream 0/1: name='TrapBall_menu', format=5, channels=2, frequency=48000, lengthbytes=1956768, lengthpcm=6796801, pcmblocksize=0, loopstart=0, loopend=0, mode=0x00000000, channelmask=0x00000000, channelorder=0, peakvolume=0.985314.
[LOG] AsyncThread::threadFunc                  : Finished Asynchronous operation on sound 000001838C4A33E8
[LOG] SoundI::release                          : TrapBall_menu (000001838C4A33E8)
[LOG] SoundI::release                          :     TrapBall_menu (0000018390385378)
[LOG] SoundI::release                          :     TrapBall_menu (000001838C4A4B88)
[LOG] SystemI::createSound                     : filename = ../../FMOD/Xavi/FMOD/Build/Desktop/Musica.bank : mode 02010082
[LOG] SystemI::createSound                     : FMOD_NONBLOCKING specified.  Putting into queue to be opened asynchronously!
[LOG] AsyncThread::add                         : add sound to async queue : soundi = 000001838C4A3E08, queue head = 0000018390BB3348, queue count = 0
[LOG] AsyncThread::threadFunc                  : Starting Asynchronous operation on sound 000001838C4A3E08
[LOG] SystemI::createSound                     : filename = ../../FMOD/Xavi/FMOD/Build/Desktop/Musica.bank : mode 02010082
[LOG] SystemI::createSoundInternal             :     Create name='../../FMOD/Xavi/FMOD/Build/Desktop/Musica.bank', mode=0x02010082
[LOG] SystemI::createSound                     :     FMOD_NONBLOCKING specified.  Putting into queue to be opened asynchronously!
[LOG] SystemI::createSoundInternal             :     exinfo->cbsize             = 224
[LOG] AsyncThread::add                         :     add sound to async queue : soundi = 000001838C4A4B88, queue head = 0000018390BB3348, queue count = 0
[LOG] SystemI::createSoundInternal             :     exinfo->length             = 15892480
[LOG] SystemI::createSoundInternal             :     exinfo->fileoffset         = 30240
[LOG] SystemI::createSoundInternal             :     exinfo->numsubsounds       = 1
[LOG] SystemI::createSoundInternal             :     exinfo->inclusionlist      = 000001838B6A7080
[LOG] SystemI::createSoundInternal             :     exinfo->inclusionlistnum   = 1
[LOG] SystemI::createSoundInternal             :     exinfo->suggestedsoundtype = 5
[LOG] SystemI::createSoundInternal             :     exinfo->initialseekpostype = 1
[LOG] SystemI::createSoundInternal             :     Stream 0/1: name='TrapBallAdventure_Oracle_Harps', format=5, channels=2, frequency=48000, lengthbytes=680544, lengthpcm=2658220, pcmblocksize=0, loopstart=0, loopend=0, mode=0x00000000, channelmask=0x00000000, channelorder=0, peakvolume=0.133850.
[LOG] AsyncThread::threadFunc                  : Finished Asynchronous operation on sound 000001838C4A3E08
[LOG] AsyncThread::threadFunc                  : Starting Asynchronous operation on sound 000001838C4A4B88
[LOG] SystemI::createSoundInternal             :     Create name='../../FMOD/Xavi/FMOD/Build/Desktop/Musica.bank', mode=0x02010082
[LOG] SystemI::createSoundInternal             :     exinfo->cbsize             = 224
[LOG] SystemI::createSoundInternal             :     exinfo->length             = 15892480
[LOG] SystemI::createSoundInternal             :     exinfo->fileoffset         = 30240
[LOG] SystemI::createSoundInternal             :     exinfo->numsubsounds       = 1
[LOG] SystemI::createSoundInternal             :     exinfo->inclusionlist      = 000001838B6A71C0
[LOG] SystemI::createSoundInternal             :     exinfo->inclusionlistnum   = 1
[LOG] SystemI::createSoundInternal             :     exinfo->suggestedsoundtype = 5
[LOG] SystemI::createSoundInternal             :     exinfo->initialseekpostype = 1
[LOG] SystemI::createSoundInternal             :     Stream 0/1: name='TrapBallAdventure_Oracle_Choirs', format=5, channels=2, frequency=48000, lengthbytes=641536, lengthpcm=2658220, pcmblocksize=0, loopstart=0, loopend=0, mode=0x00000000, channelmask=0x00000000, channelorder=0, peakvolume=0.417908.
[LOG] AsyncThread::threadFunc                  : Finished Asynchronous operation on sound 000001838C4A4B88
[LOG] AsyncThread::add                         : add sound to async queue : soundi = 000001838C4A3748, queue head = 0000018390BB3348, queue count = 0
[LOG] AsyncThread::threadFunc                  : Starting Asynchronous operation on sound 000001838C4A3748
[LOG] AsyncThread::threadFunc                  : Finished Asynchronous operation on sound 000001838C4A3748
[LOG] SoundI::release                          : TrapBallAdventure_Oracle_Choirs (000001838C4A4B88)
[LOG] SoundI::release                          :     TrapBallAdventure_Oracle_Choirs (00000183903844D8)
[LOG] SoundI::release                          :     TrapBallAdventure_Oracle_Choirs (000001838C4A64D8)
[LOG] SoundI::release                          : TrapBallAdventure_Oracle_Harps (000001838C4A3E08)
[LOG] SoundI::release                          :     TrapBallAdventure_Oracle_Harps (0000018390383638)
[LOG] SoundI::release                          :     TrapBallAdventure_Oracle_Harps (000001838C4A3748)
[LOG] SystemI::createSound                     : filename = ../../FMOD/Xavi/FMOD/Build/Desktop/Musica.bank : mode 02010082
[LOG] SystemI::createSound                     : FMOD_NONBLOCKING specified.  Putting into queue to be opened asynchronously!
[LOG] AsyncThread::add                         : add sound to async queue : soundi = 000001838C4A4678, queue head = 0000018390BB3348, queue count = 0
[LOG] AsyncThread::threadFunc                  : Starting Asynchronous operation on sound 000001838C4A4678
[LOG] SystemI::createSoundInternal             :     Create name='../../FMOD/Xavi/FMOD/Build/Desktop/Musica.bank', mode=0x02010082
[LOG] SystemI::createSoundInternal             :     exinfo->cbsize             = 224
[LOG] SystemI::createSoundInternal             :     exinfo->length             = 15892480
[LOG] SystemI::createSoundInternal             :     exinfo->fileoffset         = 30240
[LOG] SystemI::createSoundInternal             :     exinfo->numsubsounds       = 1
[LOG] SystemI::createSoundInternal             :     exinfo->inclusionlist      = 000001838B6A6F40
[LOG] SystemI::createSoundInternal             :     exinfo->inclusionlistnum   = 1
[LOG] SystemI::createSoundInternal             :     exinfo->suggestedsoundtype = 5
[LOG] SystemI::createSoundInternal             :     exinfo->initialseekpostype = 1
[LOG] SystemI::createSoundInternal             :     Stream 0/1: name='TrapBallAdventure_Oracle_Choirs', format=5, channels=2, frequency=48000, lengthbytes=641536, lengthpcm=2658220, pcmblocksize=0, loopstart=0, loopend=0, mode=0x00000000, channelmask=0x00000000, channelorder=0, peakvolume=0.417908.
[LOG] AsyncThread::threadFunc                  : Finished Asynchronous operation on sound 000001838C4A4678
[LOG] SoundI::release                          : TrapBallAdventure_Oracle_Choirs (000001838C4A4678)
[LOG] SoundI::release                          :     TrapBallAdventure_Oracle_Choirs (0000018390383E58)
[LOG] SoundI::release                          :     TrapBallAdventure_Oracle_Choirs (000001838C4A6328)
[LOG] Thread::callback                         : FMOD Studio bank load thread finished.
[LOG] Thread::callback                         : FMOD Studio sample load thread finished.
[LOG] LiveUpdate::release                      : 
[LOG] LiveUpdate::reset                        : Reset connection (reason Disconnected)
[LOG] Thread::callback                         : FMOD stream thread finished.
[LOG] Thread::callback                         : FMOD mixer thread finished.
[LOG] SystemI::close                           : Closed.
[LOG] Thread::callback                         : FMOD nonblocking thread (0) finished.
[LOG] Thread::callback                         : FMOD file thread finished.
